<?xml version="1.0" encoding="UTF-8"?>
<!-- Generated by org.testng.reporters.JUnitXMLReporter -->
<testsuite hostname="DESKTOP-POAP2BE" name="Test smoke" tests="2" failures="1" timestamp="28 Dec 2021 07:58:38 GMT" time="150.295" errors="0">
  <testcase name="addProductToCart" time="81.796" classname="tests.Cart"/>
  <testcase name="VerifyRegisterUserButton" time="32.147" classname="tests.NewRegisterTestCase">
    <failure type="java.lang.AssertionError" message="SendKeys method is failed  expected [true] but found [false]">
      <![CDATA[java.lang.AssertionError: SendKeys method is failed  expected [true] but found [false]
	at utilities.commonMethods.sendKeys(commonMethods.java:81)
	at pages.registerPage.enterUN(registerPage.java:35)
	at tests.NewRegisterTestCase.VerifyRegisterUserButton(NewRegisterTestCase.java:41)
	at java.util.concurrent.FutureTask.run(Unknown Source)
	at java.util.concurrent.ThreadPoolExecutor.runWorker(Unknown Source)
	at java.util.concurrent.ThreadPoolExecutor$Worker.run(Unknown Source)
	at java.lang.Thread.run(Unknown Source)
... Removed 21 stack frames]]>
    </failure>
  </testcase> <!-- VerifyRegisterUserButton -->
</testsuite> <!-- Test smoke -->
